체리바이미_여성  원피스세트  원피스  롱 원피스_로넨셔츠원피스,1,체리바이미,Theot2FA01,0221178700,5720366,여성  원피스세트  원피스  롱 원피스,로넨셔츠원피스,상세참조 100%,중국,낱장 불가 (2장 부터 주문 가능),15,000,소라_화이트_블랙,FREE
SNJ_여성  상의  셔츠  패턴 셔츠블라우스_슈엣뜨블라우스재진행,2,SNJ,청평화B1가12,0222348754,4727079,여성  상의  셔츠  패턴 셔츠블라우스,슈엣뜨블라우스재진행,상세참조 100%,한국,낱장 불가 (2장 부터 주문 가능),26,000,아이보리_베이지_네이비,FREE
브론즈나잇_여성  상의  티셔츠  라운드 티셔츠_프리T,3,브론즈나잇,Theot2FI14,0221178539,5640492,여성  상의  티셔츠  라운드 티셔츠,프리T,상세참조 100%,중국,낱장 불가 (2장 부터 주문 가능),14,000,블랙,FREE
wednesday웬즈데이_여성  하의  바지  면바지_사각사각조거팬츠트레닝팬츠캐쥬얼바지,4,wednesday웬즈데이,ddp패션몰유어스3F54,0262702285,5905614,여성  하의  바지  면바지,사각사각조거팬츠트레닝팬츠캐쥬얼바지,상세참조 100%,한국,낱장 불가 (2장 부터 주문 가능),25,000,핑크_그린_라임_레드_블랙,FREE
제이알_여성  상의  셔츠  패턴 셔츠블라우스_블레스린넨셔츠셔츠,5,제이알,동평화1F신관135,0222368382,5931466,여성  상의  셔츠  패턴 셔츠블라우스,블레스린넨셔츠셔츠,린넨(마) 100%,중국,낱장 가능,23,000,화이트_베이지_블랙,Free
빅히트스튜디오_여성  빅사이즈  하의_가성비썸머경량조거팬츠ML,6,빅히트스튜디오,Nuzzon3F315,,5931465,여성  빅사이즈  하의,가성비썸머경량조거팬츠ML,코튼(면) 100%,한국,낱장 불가 (2장 부터 주문 가능),10,000,옅은멜란지_그레이_블랙,M_L
비더원_여성  상의  티셔츠  라운드 티셔츠_미니골지티,7,비더원,Theot2FA04,0221174216,5779879,여성  상의  티셔츠  라운드 티셔츠,미니골지티,상세참조 100%,한국,낱장 불가 (2장 부터 주문 가능),3,500,핑크_아이_소라_노랑_검정,FREE
플레이_여성  원피스세트  세트_체크셋트,8,플레이,TheotB1D13,0221174288,5802779,여성  원피스세트  세트,체크셋트,상세참조 100%,기타,낱장 불가 (2장 부터 주문 가능),19,000,블랙,M_S
이고_여성  상의  셔츠  무지 셔츠_B0053하의실종OP왕박시셔,9,이고,Theot2FH03,,5575700,여성  상의  셔츠  무지 셔츠,B0053하의실종OP왕박시셔,상세참조 100%,중국,낱장 가능,10,000,블랙_아이보리,FREE
러빗_여성  상의  셔츠  패턴 셔츠블라우스_세일나나BL레이스카라,10,러빗,Theot3FE17,0221174973,5931464,여성  상의  셔츠  패턴 셔츠블라우스,세일나나BL레이스카라,상세참조 100%,한국,낱장 불가 (2장 부터 주문 가능),13,000,옐로우_아이보리,FREE
체리바이미_여성  하의  바지  면바지_피코데님점프수트,11,체리바이미,Theot2FA01,0221178700,5720361,여성  하의  바지  면바지,피코데님점프수트,상세참조 100%,중국,낱장 불가 (2장 부터 주문 가능),22,000,중청_연청,FREE
wednesday웬즈데이_여성  하의  바지  면바지_라빠배색반바지면반바지반바지캐쥬얼,12,wednesday웬즈데이,ddp패션몰유어스3F54,0262702285,5905608,여성  하의  바지  면바지,라빠배색반바지면반바지반바지캐쥬얼,상세참조 100%,한국,낱장 불가 (2장 부터 주문 가능),15,000,화이트_그린_네이비_블랙_레드,FREE
플레이_여성  원피스세트  원피스  롱 원피스_밀키원핏,13,플레이,TheotB1D13,0221174288,5836069,여성  원피스세트  원피스  롱 원피스,밀키원핏,상세참조 100%,기타,낱장 불가 (2장 부터 주문 가능),15,000,아이보리,FREE
SNJ_여성  원피스세트  원피스  롱 원피스_재진행콩ops,14,SNJ,청평화B1가12,0222348754,4775242,여성  원피스세트  원피스  롱 원피스,재진행콩ops,상세참조 100%,한국,낱장 불가 (2장 부터 주문 가능),39,000,베이지_블랙,FREE
포맨_여성  상의  티셔츠  라운드 티셔츠_남녀공용빙고오버핏캐주얼장기장,15,포맨,Nuzzon3F326,0263664311,5927014,여성  상의  티셔츠  라운드 티셔츠,남녀공용빙고오버핏캐주얼장기장,상세참조 100%,한국,낱장 가능,13,000,화이트_블랙_수박,FREE
비더원_여성  원피스세트  원피스  롱 원피스_10컬러비비드슬림원피스,16,비더원,Theot2FA04,0221174216,5695436,여성  원피스세트  원피스  롱 원피스,10컬러비비드슬림원피스,상세참조 100%,한국,낱장 불가 (2장 부터 주문 가능),3,500,오렌지_소라_보라_베이지_백색_민트_노랑_그레이_공군_검정,FREE
브론즈나잇_여성  원피스세트  세트_코코SET,17,브론즈나잇,Theot2FI14,0221178539,5784726,여성  원피스세트  세트,코코SET,상세참조 100%,중국,낱장 불가 (2장 부터 주문 가능),36,000,핑크_소라_화이트,M_S
러빗_여성  원피스세트  원피스  롱 원피스_신상단도롱원피스오프숄더,18,러빗,Theot3FE17,0221174973,5931463,여성  원피스세트  원피스  롱 원피스,신상단도롱원피스오프숄더,상세참조 100%,한국,낱장 불가 (2장 부터 주문 가능),15,000,블랙_레드,FREE
루나_여성  원피스세트  원피스  롱 원피스_모달샌드워싱세인트V넥원피스,19,루나,청평화5F나33,0222565653,5797838,여성  원피스세트  원피스  롱 원피스,모달샌드워싱세인트V넥원피스,상세참조 100%,한국,낱장 불가 (2장 부터 주문 가능),15,000,민트_핑크_그레이_블랙,FREE
체리바이미_여성  원피스세트  세트_폴아노락세트,20,체리바이미,Theot2FA01,0221178700,5646123,여성  원피스세트  세트,폴아노락세트,상세참조 100%,중국,낱장 불가 (2장 부터 주문 가능),18,000,카키_아이보리_블랙,FREE
이고_여성  상의  티셔츠  라운드 티셔츠_SSU666기본라운드넥슬림티,21,이고,Theot2FH03,,5575648,여성  상의  티셔츠  라운드 티셔츠,SSU666기본라운드넥슬림티,상세참조 100%,중국,낱장 가능,2,000,화이트_블랙,FREE
wednesday웬즈데이_여성  하의  청바지_5541하이웨스트반바지청반바지,22,wednesday웬즈데이,ddp패션몰유어스3F54,0262702285,5590722,여성  하의  청바지,5541하이웨스트반바지청반바지,데님 100%,한국,낱장 가능,20,000,보라_블랙_화이트_청,L_M_S
플레이_여성  원피스세트  원피스  롱 원피스_제리원핏,23,플레이,TheotB1D13,0221174288,5802764,여성  원피스세트  원피스  롱 원피스,제리원핏,상세참조 100%,기타,낱장 불가 (2장 부터 주문 가능),16,000,블루_바이올렛,FREE
제이알_여성  상의  니트  라운드 니트_다나포켓니트티반짝이,24,제이알,동평화1F신관135,0222368382,5931462,여성  상의  니트  라운드 니트,다나포켓니트티반짝이,폴리에스터 30%, 레이온 50%, 린넨(마) 20%,중국,낱장 가능,12,000,베이지_핑크_소라_블랙_보라,Free
누보_여성  원피스세트  원피스  롱 원피스_2021천국계단원피스,25,누보,Maxtyle3F16,,5788499,여성  원피스세트  원피스  롱 원피스,2021천국계단원피스,기타 100%,중국,낱장 가능,21,000,블루,Free
션_여성  상의  니트  라운드 니트_나비니트낱장불가,26,션,QueensSquare3F109,0269707230,5931461,여성  상의  니트  라운드 니트,나비니트낱장불가,아크릴 100%,한국,낱장 가능,20,000,핑크_그린_블랙_베이지,Free
누보_여성  하의  스커트  롱 스커트_꼼메스커트수채화물감프린팅허리밴딩스커,27,누보,Maxtyle3F16,,3685085,여성  하의  스커트  롱 스커트,꼼메스커트수채화물감프린팅허리밴딩스커,기타 100%,중국,낱장 가능,11,000,아이_블랙,Free
비더원_여성  상의  티셔츠  라운드 티셔츠_블루밍레이스반팔,28,비더원,Theot2FA04,0221174216,5848991,여성  상의  티셔츠  라운드 티셔츠,블루밍레이스반팔,상세참조 100%,한국,낱장 불가 (2장 부터 주문 가능),5,000,검정_노랑_아이_연소라,FREE
체리바이미_여성  하의  스커트  롱 스커트_카롤스커트,29,체리바이미,Theot2FA01,0221178700,5453257,여성  하의  스커트  롱 스커트,카롤스커트,상세참조 100%,중국,낱장 불가 (2장 부터 주문 가능),12,000,옐로우_아이보리_블랙,FREE
누보_여성  원피스세트  원피스  롱 원피스_2021보쉬펀칭원피스,30,누보,Maxtyle3F16,,5830187,여성  원피스세트  원피스  롱 원피스,2021보쉬펀칭원피스,기타 100%,중국,낱장 가능,20,000,베이지_아이_민트,Free
러빗_여성  상의  셔츠  패턴 셔츠블라우스_신상씨앤리본BL,31,러빗,Theot3FE17,0221174973,5931460,여성  상의  셔츠  패턴 셔츠블라우스,신상씨앤리본BL,상세참조 100%,한국,낱장 불가 (2장 부터 주문 가능),17,000,베이지_레드_겨자,FREE
누보_여성  비치웨어_네온체크형광로브가디건휴가바캉스원피스,32,누보,Maxtyle3F16,,4033011,여성  비치웨어,네온체크형광로브가디건휴가바캉스원피스,기타 100%,기타,낱장 가능,13,000,오렌지_그린_핑크,Free
누보_여성  원피스세트  원피스  미니 원피스_2021톰자켓원피스,33,누보,Maxtyle3F16,,5788546,여성  원피스세트  원피스  미니 원피스,2021톰자켓원피스,기타 100%,중국,낱장 가능,12,000,베이지_아이,Free
러블리_여성  원피스세트  원피스  미디 원피스_플로리버튼원피스신상원피스,35,러블리,NuzzonB1715,0222369546,5887250,여성  원피스세트  원피스  미디 원피스,플로리버튼원피스신상원피스,코튼(면) 50%, 폴리에스터 50%,중국,낱장 가능,18,000,베이지,Free
누보_여성  원피스세트  원피스  롱 원피스_아베끄여름나염패턴반팔롱원피스,36,누보,Maxtyle3F16,,4033156,여성  원피스세트  원피스  롱 원피스,아베끄여름나염패턴반팔롱원피스,기타 100%,중국,낱장 가능,12,000,베이지,Free
누보_여성  아우터  재킷_린넨스트라이프자켓여름투버튼카라jk,37,누보,Maxtyle3F16,,3363116,여성  아우터  재킷,린넨스트라이프자켓여름투버튼카라jk,기타 100%,중국,낱장 가능,17,000,아이,Free
누보_여성  원피스세트  세트_2020니트펀칭투피스,38,누보,Maxtyle3F16,,4454365,여성  원피스세트  세트,2020니트펀칭투피스,기타 100%,중국,낱장 가능,25,000,아이_블랙,Free
브론즈나잇_여성  상의  셔츠  패턴 셔츠블라우스_레오BL,39,브론즈나잇,Theot2FI14,0221178539,5656547,여성  상의  셔츠  패턴 셔츠블라우스,레오BL,상세참조 100%,중국,낱장 불가 (2장 부터 주문 가능),16,000,화이트_베이지,FREE
누보_여성  원피스세트  원피스  미니 원피스_2020페니펀칭원피스슬립set,40,누보,Maxtyle3F16,,4414040,여성  원피스세트  원피스  미니 원피스,2020페니펀칭원피스슬립set,기타 100%,중국,낱장 가능,23,000,네이비,Free
wednesday웬즈데이_여성  하의  바지  면바지_포켓주름팬츠정장바지통바지캐쥬얼,41,wednesday웬즈데이,ddp패션몰유어스3F54,0262702285,5905595,여성  하의  바지  면바지,포켓주름팬츠정장바지통바지캐쥬얼,상세참조 100%,한국,낱장 불가 (2장 부터 주문 가능),27,000,핑크_블랙_화이트,FREE
누보_여성  원피스세트  세트_네온짚업상하세트,42,누보,Maxtyle3F16,,5646401,여성  원피스세트  세트,네온짚업상하세트,기타 100%,중국,낱장 가능,16,000,베이지_핑크,Free
디어제이BY민짱_여성  아우터  재킷_트위드자켓블랙,43,디어제이BY민짱,TheotB2C10,,5931457,여성  아우터  재킷,트위드자켓블랙,폴리에스터 100%,한국,낱장 불가 (2장 부터 주문 가능),42,000,블랙,Free
누보_여성  상의  니트  라운드 니트_2021베론배색니트,44,누보,Maxtyle3F16,,5609449,여성  상의  니트  라운드 니트,2021베론배색니트,기타 100%,중국,낱장 가능,9,000,아이_베이지,Free
누보_여성  원피스세트  원피스  롱 원피스_햅번넥원피스,45,누보,Maxtyle3F16,,5701492,여성  원피스세트  원피스  롱 원피스,햅번넥원피스,기타 100%,중국,낱장 가능,14,000,아이_카키,Free
이고_여성  상의  셔츠  무지 셔츠_B1121빈티지거즈린넨남방,46,이고,Theot2FH03,,5575529,여성  상의  셔츠  무지 셔츠,B1121빈티지거즈린넨남방,상세참조 100%,중국,낱장 가능,9,000,블랙_카키_아이보리,FREE
누보_여성  상의  블라우스  무지 블라우스_2021꼬임셀린블라,47,누보,Maxtyle3F16,,5646396,여성  상의  블라우스  무지 블라우스,2021꼬임셀린블라,기타 100%,중국,낱장 가능,10,000,핑크_아이,Free
누보_여성  원피스세트  원피스  롱 원피스_린넨퍼프체크원피스루즈핏브이넥옆트임,48,누보,Maxtyle3F16,,3686883,여성  원피스세트  원피스  롱 원피스,린넨퍼프체크원피스루즈핏브이넥옆트임,기타 100%,중국,낱장 가능,12,000,블랙_핑크_블루,Free
누보_여성  원피스세트  원피스  롱 원피스_2020진주펀칭자수원피스,49,누보,Maxtyle3F16,,4136006,여성  원피스세트  원피스  롱 원피스,2020진주펀칭자수원피스,기타 100%,중국,낱장 가능,24,000,베이지_아이,Free
누보_여성  원피스세트  원피스  롱 원피스_2020오슬로펀칭자수원피스,50,누보,Maxtyle3F16,,4135986,여성  원피스세트  원피스  롱 원피스,2020오슬로펀칭자수원피스,기타 100%,중국,낱장 가능,22,000,블랙_아이,Free
엘리_여성  원피스세트  원피스  롱 원피스_소매리본원피스,51,엘리,청평화3F나10,,5929671,여성  원피스세트  원피스  롱 원피스,소매리본원피스,나일론 65%, 레이온 35%,한국,낱장 불가 (2장 부터 주문 가능),29,000,네이비_옐로우,Free
누보_여성  원피스세트  원피스  롱 원피스_아크펀칭롱원피스여름브이넥자수단수원피,52,누보,Maxtyle3F16,,3686701,여성  원피스세트  원피스  롱 원피스,아크펀칭롱원피스여름브이넥자수단수원피,기타 100%,중국,낱장 가능,22,000,아이보리,Free
엘리_여성  원피스세트  원피스  롱 원피스_도트원피스,53,엘리,청평화3F나10,,5929619,여성  원피스세트  원피스  롱 원피스,도트원피스,폴리에스터 100%,한국,낱장 불가 (2장 부터 주문 가능),28,000,블랙_소라,Free
엘리_여성  원피스세트  원피스  롱 원피스_사선원피스,54,엘리,청평화3F나10,,5929517,여성  원피스세트  원피스  롱 원피스,사선원피스,레이온 55%, 폴리에스터 45%,한국,낱장 불가 (2장 부터 주문 가능),24,000,블랙_옐로우,Free
체리바이미_여성  원피스세트  원피스  롱 원피스_로라캉캉원피스,55,체리바이미,Theot2FA01,0221178700,5896509,여성  원피스세트  원피스  롱 원피스,로라캉캉원피스,상세참조 100%,중국,낱장 불가 (2장 부터 주문 가능),16,000,블랙_화이트_바이올렛,FREE
스타제이_여성  원피스세트  세트_신캡나시롱세트,56,스타제이,NuzzonB1326,,5689395,여성  원피스세트  세트,신캡나시롱세트,코튼(면) 100%,중국,낱장 가능,15,000,그린_레드,Free
wednesday웬즈데이_여성  하의  바지  면바지_샤주름반바지레이스반바지반바지,57,wednesday웬즈데이,ddp패션몰유어스3F54,0262702285,5905587,여성  하의  바지  면바지,샤주름반바지레이스반바지반바지,상세참조 100%,한국,낱장 불가 (2장 부터 주문 가능),24,000,블랙_실버,M_S
스타제이_여성  아우터  재킷_국내제작신상포켓숏자켓크롭,58,스타제이,NuzzonB1326,,5689451,여성  아우터  재킷,국내제작신상포켓숏자켓크롭,린넨(마) 40%, 폴리에스터 60%,한국,낱장 가능,27,000,아이보리_블랙,Free
스타제이_여성  상의  블라우스  무지 블라우스_신주름블링,59,스타제이,NuzzonB1326,,5658666,여성  상의  블라우스  무지 블라우스,신주름블링,폴리에스터 100%,중국,낱장 가능,14,000,아이보리_베이지,Free
브론즈나잇_여성  상의  니트  라운드 니트_베이비NT,60,브론즈나잇,Theot2FI14,0221178539,5931453,여성  상의  니트  라운드 니트,베이비NT,상세참조 100%,중국,낱장 불가 (2장 부터 주문 가능),14,000,블랙_베이지_옐로우_핑크,FREE
데어데어_여성  하의  스커트  롱 스커트_사쿠라스커트,61,데어데어,NuzzonB1723,0222180629,5758081,여성  하의  스커트  롱 스커트,사쿠라스커트,폴리에스터 100%,중국,낱장 가능,10,000,핑크_네이비,Free
데어데어_여성  원피스세트  원피스  롱 원피스_네온카라꽃원피스,62,데어데어,NuzzonB1723,0222180629,5758069,여성  원피스세트  원피스  롱 원피스,네온카라꽃원피스,폴리에스터 100%,중국,낱장 가능,14,000,아이보리_네이비,Free
브릿지BRIDGE_여성  상의  티셔츠  라운드 티셔츠_세일단가라박스티,63,브릿지BRIDGE,Nuzzon5F411호,0222501982,5706619,여성  상의  티셔츠  라운드 티셔츠,세일단가라박스티,코튼(면) 100%,한국,낱장 가능,4,000,블루_옐로우_블랙,Free
데어데어_여성  원피스세트  원피스  롱 원피스_메종펀칭레이스원피스,64,데어데어,NuzzonB1723,0222180629,5703968,여성  원피스세트  원피스  롱 원피스,메종펀칭레이스원피스,폴리에스터 100%,중국,낱장 가능,24,000,아이보리_블랙,Free
브릿지BRIDGE_여성  상의  티셔츠  라운드 티셔츠_세일포켓티,65,브릿지BRIDGE,Nuzzon5F411호,0222501982,5706628,여성  상의  티셔츠  라운드 티셔츠,세일포켓티,코튼(면) 100%,한국,낱장 가능,4,000,소라_옐로우_핑크,Free
데어데어_여성  원피스세트  원피스  롱 원피스_에스닉절개원피스,66,데어데어,NuzzonB1723,0222180629,5703987,여성  원피스세트  원피스  롱 원피스,에스닉절개원피스,폴리에스터 100%,중국,낱장 가능,14,000,블루_그레이_블랙,Free
데어데어_여성  원피스세트  원피스  롱 원피스_오버핏후드원피스,67,데어데어,NuzzonB1723,0222180629,5548994,여성  원피스세트  원피스  롱 원피스,오버핏후드원피스,코튼(면) 100%,중국,낱장 가능,20,000,핑크_연그레이_챠콜,Free
데어데어_여성  원피스세트  세트_스트링점프슈트,68,데어데어,NuzzonB1723,0222180629,5704039,여성  원피스세트  세트,스트링점프슈트,폴리에스터 100%,중국,낱장 가능,14,000,베이지_블랙,Free
글램_여성  원피스세트  세트_글램데일리크롭트레이닝set,69,글램,Theot1FH02,0221178516,5809398,여성  원피스세트  세트,글램데일리크롭트레이닝set,상세참조 100%,중국,낱장 불가 (2장 부터 주문 가능),16,000,그레이_블랙,FREE
브릿지BRIDGE_여성  상의  티셔츠  라운드 티셔츠_세일긴팔티,70,브릿지BRIDGE,Nuzzon5F411호,0222501982,5706635,여성  상의  티셔츠  라운드 티셔츠,세일긴팔티,코튼(면) 100%,한국,낱장 가능,4,000,오렌지_연두_소라_베이지_핑크,Free
데어데어_여성  하의  스커트  미니 스커트_플라워미니스커트밴딩속바지44cm,71,데어데어,NuzzonB1723,0222180629,5548967,여성  하의  스커트  미니 스커트,플라워미니스커트밴딩속바지44cm,폴리에스터 100%,중국,낱장 가능,8,000,블랙_옐로우,Free
마마_여성  하의  바지  면바지_미송풀림밴딩통바지꾸안꾸여름봄,72,마마,DWP2F06,,5910210,여성  하의  바지  면바지,미송풀림밴딩통바지꾸안꾸여름봄,상세참조 100%,중국,낱장 불가 (2장 부터 주문 가능),5,000,크림_블랙_그레이,FREE
데어데어_여성  원피스세트  원피스  나시 원피스_엔틱뷔스티에원피스,73,데어데어,NuzzonB1723,0222180629,5595703,여성  원피스세트  원피스  나시 원피스,엔틱뷔스티에원피스,폴리에스터 100%,중국,낱장 가능,14,000,네이비_아이,Free
데어데어_여성  원피스세트  원피스  롱 원피스_미미컬러원피스,74,데어데어,NuzzonB1723,0222180629,5704009,여성  원피스세트  원피스  롱 원피스,미미컬러원피스,폴리에스터 100%,중국,낱장 가능,15,000,블루_핑크,Free
데어데어_여성  원피스세트  원피스  롱 원피스_하트프릴원피스,75,데어데어,NuzzonB1723,0222180629,5769208,여성  원피스세트  원피스  롱 원피스,하트프릴원피스,폴리에스터 100%,중국,낱장 가능,14,000,블루_네이비,Free
브릿지BRIDGE_여성  상의  티셔츠_세일962실켓커프스티,76,브릿지BRIDGE,Nuzzon5F411호,0222501982,1584771,여성  상의  티셔츠,세일962실켓커프스티,코튼(면) 100%,한국,낱장 가능,4,000,벽돌_소라,Free
데어데어_여성  원피스세트  원피스  롱 원피스_쉬폰캉캉원피스,77,데어데어,NuzzonB1723,0222180629,5769233,여성  원피스세트  원피스  롱 원피스,쉬폰캉캉원피스,폴리에스터 100%,중국,낱장 가능,16,000,옐로우_블랙_아이보리,Free
브릿지BRIDGE_여성  상의  티셔츠_세일963바이오실켓v,78,브릿지BRIDGE,Nuzzon5F411호,0222501982,1585141,여성  상의  티셔츠,세일963바이오실켓v,코튼(면) 100%,한국,낱장 가능,4,000,핑크_베이지,Free
데어데어_여성  원피스세트  원피스  롱 원피스_오버핏데님원피스,79,데어데어,NuzzonB1723,0222180629,5916444,여성  원피스세트  원피스  롱 원피스,오버핏데님원피스,코튼(면) 100%,중국,낱장 가능,25,000,진청_연청,Free
데어데어_여성  원피스세트  원피스  롱 원피스_잔꽃컬러원피스,80,데어데어,NuzzonB1723,0222180629,5769215,여성  원피스세트  원피스  롱 원피스,잔꽃컬러원피스,폴리에스터 100%,중국,낱장 가능,14,000,블루_그린,Free
데어데어_여성  원피스세트  원피스  롱 원피스_셔링주름원피스,81,데어데어,NuzzonB1723,0222180629,5556142,여성  원피스세트  원피스  롱 원피스,셔링주름원피스,폴리에스터 100%,중국,낱장 가능,18,000,아이보리,Free
디어제이BY민짱_여성  상의  티셔츠  라운드 티셔츠_드레이프티,82,디어제이BY민짱,TheotB2C10,,5931520,여성  상의  티셔츠  라운드 티셔츠,드레이프티,스판 100%,한국,낱장 불가 (2장 부터 주문 가능),5,000,베이지_소라_그린,Free
데어데어_여성  원피스세트  원피스  롱 원피스_봄봄원피스,83,데어데어,NuzzonB1723,0222180629,5758100,여성  원피스세트  원피스  롱 원피스,봄봄원피스,폴리에스터 100%,중국,낱장 가능,14,000,옐로우_블루,Free
데어데어_여성  원피스세트  원피스  롱 원피스_도트뷔스티에원피스,84,데어데어,NuzzonB1723,0222180629,5595674,여성  원피스세트  원피스  롱 원피스,도트뷔스티에원피스,폴리에스터 100%,중국,낱장 가능,13,000,블랙,Free
데어데어_여성  원피스세트  원피스  롱 원피스_비비꽃원피스,85,데어데어,NuzzonB1723,0222180629,5660993,여성  원피스세트  원피스  롱 원피스,비비꽃원피스,폴리에스터 100%,중국,낱장 가능,15,000,아이보리_블랙,Free
데어데어_여성  원피스세트  원피스  롱 원피스_도트랩원피스,86,데어데어,NuzzonB1723,0222180629,5660987,여성  원피스세트  원피스  롱 원피스,도트랩원피스,폴리에스터 100%,중국,낱장 가능,15,000,옐로_아이보리,Free
데어데어_여성  원피스세트  원피스  롱 원피스_컬러펀칭원피스,87,데어데어,NuzzonB1723,0222180629,5809888,여성  원피스세트  원피스  롱 원피스,컬러펀칭원피스,폴리에스터 100%,중국,낱장 가능,15,000,블랙_네이비_아이보리,Free
데어데어_여성  원피스세트  원피스  미니 원피스_미니셔츠원피스,88,데어데어,NuzzonB1723,0222180629,5634267,여성  원피스세트  원피스  미니 원피스,미니셔츠원피스,코튼(면) 100%,중국,낱장 가능,12,000,화이트_블랙,Free
데어데어_여성  원피스세트  원피스  롱 원피스_스마일원피스,89,데어데어,NuzzonB1723,0222180629,5809897,여성  원피스세트  원피스  롱 원피스,스마일원피스,코튼(면) 100%,중국,낱장 가능,25,000,블랙_베이지_아이보리,Free
GoldTree골드트리_여성  상의  티셔츠  라운드 티셔츠_아이엠T,90,GoldTree골드트리,Theot2FA11,0221174383,5896909,여성  상의  티셔츠  라운드 티셔츠,아이엠T,코튼(면) 100%,한국,낱장 불가 (2장 부터 주문 가능),7,000,피치_베이지,Free
데어데어_여성  원피스세트  원피스  롱 원피스_도트투웨이,91,데어데어,NuzzonB1723,0222180629,5704021,여성  원피스세트  원피스  롱 원피스,도트투웨이,폴리에스터 100%,중국,낱장 가능,15,000,아이보리_핑크,Free
플로우_여성  상의  티셔츠  라운드 티셔츠_링썸머기브업형광반팔남여공용,92,플로우,남평화2F155,,5928674,여성  상의  티셔츠  라운드 티셔츠,링썸머기브업형광반팔남여공용,코튼(면) 100%,한국,낱장 불가 (2장 부터 주문 가능),9,000,그린_주황_핑크,Free
데어데어_여성  상의  블라우스  무지 블라우스_샤인퍼프블라,93,데어데어,NuzzonB1723,0222180629,5758105,여성  상의  블라우스  무지 블라우스,샤인퍼프블라,폴리에스터 100%,중국,낱장 가능,11,000,핑크_아이보리_블랙,Free
GoldTree골드트리_여성  원피스세트  원피스  미디 원피스_패션OPS,94,GoldTree골드트리,Theot2FA11,0221174383,2934037,여성  원피스세트  원피스  미디 원피스,패션OPS,코튼(면) 100%,한국,낱장 불가 (2장 부터 주문 가능),9,000,옐로우_화이트_블랙,Free
데어데어_여성  아우터  재킷_메종라이더자켓,95,데어데어,NuzzonB1723,0222180629,5769219,여성  아우터  재킷,메종라이더자켓,폴리에스터 100%,중국,낱장 가능,18,000,아이보리_블랙,Free
데어데어_여성  하의  바지  면바지_건빵조거팬츠,96,데어데어,NuzzonB1723,0222180629,5769240,여성  하의  바지  면바지,건빵조거팬츠,폴리에스터 100%,중국,낱장 가능,14,000,그린_핑크_아이보리,Free
플로우_여성  상의  티셔츠  라운드 티셔츠_링썸머선데이반팔티공용,97,플로우,남평화2F155,,5677834,여성  상의  티셔츠  라운드 티셔츠,링썸머선데이반팔티공용,코튼(면) 100%,한국,낱장 불가 (2장 부터 주문 가능),7,000,올리브_네이비_화이트_블랙,Free
데어데어_여성  원피스세트  원피스  롱 원피스_3도루즈원피스,98,데어데어,NuzzonB1723,0222180629,5758078,여성  원피스세트  원피스  롱 원피스,3도루즈원피스,코튼(면) 100%,중국,낱장 가능,18,000,그레이_아이보리,Free
데어데어_여성  원피스세트  원피스  롱 원피스_핀턱퍼프원피스,99,데어데어,NuzzonB1723,0222180629,5916338,여성  원피스세트  원피스  롱 원피스,핀턱퍼프원피스,폴리에스터 100%,중국,낱장 가능,16,000,네이비_베이지,Free
플로우_여성  상의  티셔츠  라운드 티셔츠_링썸머굿바이브원형레터링반팔,100,플로우,남평화2F155,,5677771,여성  상의  티셔츠  라운드 티셔츠,링썸머굿바이브원형레터링반팔,코튼(면) 100%,한국,낱장 불가 (2장 부터 주문 가능),8,000,차콜_블랙_화이트,Free
데어데어_여성  하의  스커트  롱 스커트_호피롱sk,101,데어데어,NuzzonB1723,0222180629,5916383,여성  하의  스커트  롱 스커트,호피롱sk,폴리에스터 100%,중국,낱장 가능,10,000,베이지_블랙,Free
데어데어_여성  원피스세트  원피스  롱 원피스_내츄럴핏원피스,102,데어데어,NuzzonB1723,0222180629,5916389,여성  원피스세트  원피스  롱 원피스,내츄럴핏원피스,폴리에스터 100%,중국,낱장 가능,15,000,핑크_그린,Free
플로우_여성  상의  티셔츠  라운드 티셔츠_링썸머어나더크랙반팔남여공용,103,플로우,남평화2F155,,5677809,여성  상의  티셔츠  라운드 티셔츠,링썸머어나더크랙반팔남여공용,코튼(면) 100%,한국,낱장 불가 (2장 부터 주문 가능),7,000,카키_화이트_블랙,Free
데어데어_여성  원피스세트  세트_보석린넨점슈,104,데어데어,NuzzonB1723,0222180629,5916396,여성  원피스세트  세트,보석린넨점슈,폴리에스터 100%,중국,낱장 가능,15,000,베이지_블랙,Free
데어데어_여성  원피스세트  원피스  롱 원피스_엔틱레이스롱원피스,105,데어데어,NuzzonB1723,0222180629,5916405,여성  원피스세트  원피스  롱 원피스,엔틱레이스롱원피스,폴리에스터 100%,중국,낱장 가능,19,000,베이지_블랙_아이보리,Free
데어데어_여성  원피스세트  원피스  미니 원피스_미니솔리드ops,106,데어데어,NuzzonB1723,0222180629,5916415,여성  원피스세트  원피스  미니 원피스,미니솔리드ops,폴리에스터 100%,중국,낱장 가능,15,000,베이지_블랙_옐로우,Free
플로우_여성  상의  티셔츠  라운드 티셔츠_프롬물나염반팔T,107,플로우,남평화2F155,,5687189,여성  상의  티셔츠  라운드 티셔츠,프롬물나염반팔T,코튼(면) 100%,중국,낱장 불가 (2장 부터 주문 가능),14,000,블루_그레이,Free
데어데어_여성  원피스세트  원피스  롱 원피스_단아펀칭레이스ops,108,데어데어,NuzzonB1723,0222180629,5916429,여성  원피스세트  원피스  롱 원피스,단아펀칭레이스ops,폴리에스터 100%,중국,낱장 가능,28,000,베이지_화이트,Free
데어데어_여성  원피스세트  원피스  롱 원피스_줄레이스ops,109,데어데어,NuzzonB1723,0222180629,5916438,여성  원피스세트  원피스  롱 원피스,줄레이스ops,폴리에스터 100%,중국,낱장 가능,15,000,핑크_블루,Free
데어데어_여성  원피스세트  세트_플리츠셋업,110,데어데어,NuzzonB1723,0222180629,5916452,여성  원피스세트  세트,플리츠셋업,폴리에스터 100%,중국,낱장 가능,20,000,블랙_아이보리_블루,Free
SNJ_여성  상의  티셔츠  라운드 티셔츠_모달소재코알라티,111,SNJ,청평화B1가12,0222348754,4729477,여성  상의  티셔츠  라운드 티셔츠,모달소재코알라티,상세참조 100%,한국,낱장 불가 (2장 부터 주문 가능),10,000,핑크_소라_아이보리_베이지_바이올렛_블랙,FREE
데어데어_여성  원피스세트  원피스  롱 원피스_장미로브원피스,112,데어데어,NuzzonB1723,0222180629,5661003,여성  원피스세트  원피스  롱 원피스,장미로브원피스,폴리에스터 100%,중국,낱장 가능,14,000,옐로_레드,Free
플로우_여성  상의  티셔츠  라운드 티셔츠_액티브그라반팔T,113,플로우,남평화2F155,,5687195,여성  상의  티셔츠  라운드 티셔츠,액티브그라반팔T,코튼(면) 100%,중국,낱장 불가 (2장 부터 주문 가능),12,000,화이트_블루_핑크_라임,Free
데어데어_여성  원피스세트  원피스  롱 원피스_네온원피스,114,데어데어,NuzzonB1723,0222180629,5916469,여성  원피스세트  원피스  롱 원피스,네온원피스,폴리에스터 100%,중국,낱장 가능,15,000,블루_옐로우,Free
플로우_여성  상의  티셔츠  라운드 티셔츠_곰돌이웰던반팔티,115,플로우,남평화2F155,,5856083,여성  상의  티셔츠  라운드 티셔츠,곰돌이웰던반팔티,코튼(면) 100%,중국,낱장 불가 (2장 부터 주문 가능),14,000,화이트_블랙,Free
데어데어_여성  원피스세트  원피스  롱 원피스_꾸안꾸원피스,116,데어데어,NuzzonB1723,0222180629,5916311,여성  원피스세트  원피스  롱 원피스,꾸안꾸원피스,코튼(면) 100%,중국,낱장 가능,15,000,그레이_블랙,Free
데어데어_여성  원피스세트  세트_꽃쉬폰점슈,117,데어데어,NuzzonB1723,0222180629,5678712,여성  원피스세트  세트,꽃쉬폰점슈,폴리에스터 100%,중국,낱장 가능,20,000,블루,Free
플레이_여성  원피스세트  원피스  롱 원피스_브이트위드,118,플레이,TheotB1D13,0221174288,5843767,여성  원피스세트  원피스  롱 원피스,브이트위드,상세참조 100%,기타,낱장 불가 (2장 부터 주문 가능),19,000,핑크_소라_블랙,FREE
데어데어_여성  원피스세트  원피스  롱 원피스_단가라라인ops,119,데어데어,NuzzonB1723,0222180629,5769235,여성  원피스세트  원피스  롱 원피스,단가라라인ops,폴리에스터 100%,중국,낱장 가능,11,000,블랙,Free
플로우_여성  상의  티셔츠  라운드 티셔츠_링썸머라스베가스오로라스카치,120,플로우,남평화2F155,,5540446,여성  상의  티셔츠  라운드 티셔츠,링썸머라스베가스오로라스카치,코튼(면) 100%,한국,낱장 불가 (2장 부터 주문 가능),14,000,블랙_화이트_민트_보라,Free
스테이비_여성  상의  티셔츠  라운드 티셔츠_셀피드티,121,스테이비,TheotB1E10,0221178173,5606859,여성  상의  티셔츠  라운드 티셔츠,셀피드티,상세참조 100%,한국,낱장 불가 (2장 부터 주문 가능),13,000,그레이_화이트_블랙,FREE
빌리언_여성  하의  스커트  롱 스커트_스모크캉캉,122,빌리언,QueensSquare3F95,0269707084,4182536,여성  하의  스커트  롱 스커트,스모크캉캉,스판 5%, 코튼(면) 95%,한국,낱장 가능,27,000,카키_블랙_그레이_아이보리,Free
빌리언_여성  하의  바지  면바지_4키로PT,123,빌리언,QueensSquare3F95,0269707084,5543846,여성  하의  바지  면바지,4키로PT,스판 5%, 코튼(면) 55%, 폴리에스터 40%,한국,낱장 불가 (2장 부터 주문 가능),21,000,아이보리_블랙,Free
빌리언_여성  하의  바지  면바지_말랑PT,124,빌리언,QueensSquare3F95,0269707084,5615070,여성  하의  바지  면바지,말랑PT,스판 5%, 폴리에스터 95%,한국,낱장 불가 (2장 부터 주문 가능),20,000,그레이_카키_핑크_소라_아이_블랙,Free
빌리언_여성  상의  티셔츠  나시민소매_셔링패드Y,125,빌리언,QueensSquare3F95,0269707084,5615001,여성  상의  티셔츠  나시민소매,셔링패드Y,스판 8%, 폴리에스터 92%,한국,낱장 불가 (2장 부터 주문 가능),22,000,민트_그레이_아이보리_블랙,Free
빌리언_여성  하의  스커트  롱 스커트_셔링SK,126,빌리언,QueensSquare3F95,0269707084,4627049,여성  하의  스커트  롱 스커트,셔링SK,스판 5%, 폴리에스터 45%, 레이온 50%,한국,낱장 가능,21,000,코랄_메로나_카멜_블랙_그레이_네이비,Free
빌리언_여성  상의  니트  라운드 니트_썸머크롭니트,128,빌리언,QueensSquare3F95,0269707084,5816441,여성  상의  니트  라운드 니트,썸머크롭니트,아크릴 65%, 나일론 20%, 폴리에스터 15%,한국,낱장 불가 (2장 부터 주문 가능),27,000,옐로우_블루_블랙_화이트,Free
오바오바_여성  원피스세트  원피스  롱 원피스_신상형광이ops,129,오바오바,STUDIOW3F48,0222307009,5824914,여성  원피스세트  원피스  롱 원피스,신상형광이ops,상세참조 100%,기타,낱장 불가 (2장 부터 주문 가능),16,000,블랙_핑크,FREE
빌리언_여성  상의  티셔츠  라운드 티셔츠_백트임T,130,빌리언,QueensSquare3F95,0269707084,2943382,여성  상의  티셔츠  라운드 티셔츠,백트임T,스판 5%, 폴리에스터 80%, 레이온 15%,한국,낱장 가능,16,000,그레이_블랙_브라운_화이트,Free
빌리언_여성  하의  바지  슬랙스_4키로팬츠,131,빌리언,QueensSquare3F95,0269707084,5718488,여성  하의  바지  슬랙스,4키로팬츠,코튼(면) 30%, 레이온 70%,한국,낱장 불가 (2장 부터 주문 가능),21,000,아이보리_블랙,Free
러블리_여성  상의  티셔츠  브이넥 티셔츠_엔젤티신상티,132,러블리,NuzzonB1715,0222369546,5653355,여성  상의  티셔츠  브이넥 티셔츠,엔젤티신상티,코튼(면) 50%, 폴리에스터 50%,중국,낱장 가능,11,000,아이보리,Free
빌리언_여성  하의  스커트  롱 스커트_스모크캉캉원피스로착용가능,133,빌리언,QueensSquare3F95,0269707084,4071261,여성  하의  스커트  롱 스커트,스모크캉캉원피스로착용가능,코튼(면) 100%,한국,낱장 불가 (2장 부터 주문 가능),27,000,카키_그레이_아이보리_블랙,Free
글램_여성  원피스세트  세트_뉴골드쿨니트투피스,134,글램,Theot1FH02,0221178516,5931553,여성  원피스세트  세트,뉴골드쿨니트투피스,상세참조 100%,중국,낱장 불가 (2장 부터 주문 가능),14,000,베이지_블랙,FREE
빌리언_여성  하의  바지  면바지_화이트투컷,135,빌리언,QueensSquare3F95,0269707084,5891935,여성  하의  바지  면바지,화이트투컷,코튼(면) 100%,한국,낱장 불가 (2장 부터 주문 가능),24,000,화이트,S_M
빌리언_여성  상의  티셔츠  나시민소매_이자벨끈나시,137,빌리언,QueensSquare3F95,0269707084,5918597,여성  상의  티셔츠  나시민소매,이자벨끈나시,스판 5%, 폴리에스터 95%,한국,낱장 불가 (2장 부터 주문 가능),13,000,블랙_브라운_카키_화이트_소라,Free
빌리언_여성  상의  티셔츠  나시민소매_이자벨나시,138,빌리언,QueensSquare3F95,0269707084,5918584,여성  상의  티셔츠  나시민소매,이자벨나시,스판 5%, 폴리에스터 95%,한국,낱장 불가 (2장 부터 주문 가능),13,000,블랙_브라운_카키_화이트_소라,Free
빌리언_여성  하의  점프수트_벨트set린넨맥js,139,빌리언,QueensSquare3F95,0269707084,5918576,여성  하의  점프수트,벨트set린넨맥js,코튼(면) 45%, 린넨(마) 55%,한국,낱장 불가 (2장 부터 주문 가능),49,000,블랙_베이지_카키,Free
빌리언_여성  하의  점프수트_벨트set맥린넨js,140,빌리언,QueensSquare3F95,0269707084,5918574,여성  하의  점프수트,벨트set맥린넨js,코튼(면) 45%, 린넨(마) 55%,한국,낱장 불가 (2장 부터 주문 가능),49,000,카키_베이지_블랙,Free
빌리언_여성  상의  티셔츠  라운드 티셔츠_탑T,141,빌리언,QueensSquare3F95,0269707084,5918564,여성  상의  티셔츠  라운드 티셔츠,탑T,모달 37%, 스판 8%, 코튼(면) 55%,한국,낱장 불가 (2장 부터 주문 가능),14,000,화이트_블랙_브라운_카키,Free
마마_여성  하의  바지  면바지_데일리조거PT기획봄조거핏대박,143,마마,DWP2F06,,5478387,여성  하의  바지  면바지,데일리조거PT기획봄조거핏대박,상세참조 100%,한국,낱장 불가 (2장 부터 주문 가능),7,000,연그레이_진그레이_검정,FREE
빌리언_여성  하의  바지  면바지_엑스팬츠,144,빌리언,QueensSquare3F95,0269707084,5918541,여성  하의  바지  면바지,엑스팬츠,코튼(면) 100%,한국,낱장 불가 (2장 부터 주문 가능),29,000,화이트_핑크,Free
빌리언_여성  하의  점프수트_바코드멜빵,145,빌리언,QueensSquare3F95,0269707084,5918533,여성  하의  점프수트,바코드멜빵,코튼(면) 100%,한국,낱장 불가 (2장 부터 주문 가능),29,000,베이지_네이비_카키,Free
빌리언_여성  상의  티셔츠  브이넥 티셔츠_박스브이T,147,빌리언,QueensSquare3F95,0269707084,5918519,여성  상의  티셔츠  브이넥 티셔츠,박스브이T,코튼(면) 100%,한국,낱장 불가 (2장 부터 주문 가능),15,000,화이트_블랙_소라_카키,Free
빌리언_여성  하의  스커트  롱 스커트_스모크강캉,148,빌리언,QueensSquare3F95,0269707084,5718472,여성  하의  스커트  롱 스커트,스모크강캉,코튼(면) 100%,한국,낱장 불가 (2장 부터 주문 가능),27,000,블랙_아이보리_그레이_카키,Free
빌리언_여성  상의  니트  브이넥 니트_크로플니트,149,빌리언,QueensSquare3F95,0269707084,5918405,여성  상의  니트  브이넥 니트,크로플니트,아크릴 65%, 나일론 30%, 레이온 5%,한국,낱장 불가 (2장 부터 주문 가능),23,000,화이트_핑크_민트,Free
빌리언_여성  상의  니트  브이넥 니트_썸머브이니트,152,빌리언,QueensSquare3F95,0269707084,5918417,여성  상의  니트  브이넥 니트,썸머브이니트,아크릴 65%, 나일론 10%, 폴리에스터 25%,한국,낱장 불가 (2장 부터 주문 가능),29,000,화이트_핑크_소라,Free
빌리언_여성  원피스세트  원피스  미니 원피스_아델미니OPS,155,빌리언,QueensSquare3F95,0269707084,5918430,여성  원피스세트  원피스  미니 원피스,아델미니OPS,스판 8%, 폴리에스터 92%,한국,낱장 불가 (2장 부터 주문 가능),27,000,그레이_베이지_블랙,Free
엘리_여성  원피스세트  원피스  롱 원피스_리프원피스,157,엘리,남평화3F다124,,5559985,여성  원피스세트  원피스  롱 원피스,리프원피스,폴리에스터 100%,중국,낱장 가능,17,000,그린_베이지,Free
이고_여성  하의  바지  면바지_B1362텐션린넨밴딩반팬츠,159,이고,Theot2FH03,,5613711,여성  하의  바지  면바지,B1362텐션린넨밴딩반팬츠,상세참조 100%,중국,낱장 가능,6,000,블랙_라이트카키,FREE
엘리_여성  원피스세트  원피스  미디 원피스_볼륨골지원피스,160,엘리,남평화3F다124,,5733763,여성  원피스세트  원피스  미디 원피스,볼륨골지원피스,면스판혼방 100%,중국,낱장 가능,14,000,블랙_베이지_그레이,Free
엘리_여성  원피스세트  원피스  롱 원피스_버튼포인트원피스,162,엘리,남평화3F다124,,5326839,여성  원피스세트  원피스  롱 원피스,버튼포인트원피스,면폴리혼방  100%,중국,낱장 가능,18,000,베이지_블랙,Free
엘리_여성  원피스세트  원피스  롱 원피스_모노원피스,163,엘리,남평화3F다124,,5751295,여성  원피스세트  원피스  롱 원피스,모노원피스,면 100%,중국,낱장 가능,18,000,연베이지_블랙_화이트,Free
비비드모어_여성  원피스세트  세트_씨리얼세트,1,비비드모어,Theot2FB05,0221178767,5719448,여성  원피스세트  세트,씨리얼세트,상세참조 100%,한국,낱장 불가 (2장 부터 주문 가능),11,000,코랄_민트_블랙,FREE
딜리트_여성  하의  스커트  롱 스커트_모니카주름sk,2,딜리트,ddp패션몰유어스3F30,,5459127,여성  하의  스커트  롱 스커트,모니카주름sk,상세참조 100%,한국,낱장 불가 (2장 부터 주문 가능),29,000,그레이,M_S
초이스Choice_여성  원피스세트  원피스  롱 원피스_금초꽃원피스,4,초이스Choice,남평화3F127,,5923656,여성  원피스세트  원피스  롱 원피스,금초꽃원피스,코튼(면) 70%, 폴리에스터 30%,중국,낱장 가능,11,000,그린_옐로우_네이비,Free
초이스Choice_여성  원피스세트  원피스  롱 원피스_스티치데님멜빵원피스,5,초이스Choice,남평화3F127,,3972286,여성  원피스세트  원피스  롱 원피스,스티치데님멜빵원피스,데님 100%,중국,낱장 가능,16,000,화이트_블랙,Free
초이스Choice_여성  원피스세트  세트_엔초세트,6,초이스Choice,남평화3F127,,5923662,여성  원피스세트  세트,엔초세트,코튼(면) 70%, 폴리에스터 30%,중국,낱장 가능,19,000,민트_네이비,Free
초이스Choice_여성  원피스세트  원피스  미디 원피스_케이프원피스,7,초이스Choice,남평화3F127,,5923664,여성  원피스세트  원피스  미디 원피스,케이프원피스,코튼(면) 70%, 폴리에스터 30%,중국,낱장 가능,23,000,화이트_블랙,Free
또또_여성  아우터  재킷_엘라도자켓,1,또또,청평화2F라37,029231132,4757774,여성  아우터  재킷,엘라도자켓,코튼(면) 100%,중국,낱장 가능,18,000,카키_블랙,Free
또또_여성  원피스세트  세트_트레이닝세트,2,또또,청평화2F라37,029231132,5343348,여성  원피스세트  세트,트레이닝세트,코튼(면) 100%,중국,낱장 가능,21,000,소라_민트_핑크_블랙_화이트_그레이,Free
또또_여성  원피스세트  원피스  롱 원피스_로던원피스,3,또또,청평화2F라37,029231132,5488629,여성  원피스세트  원피스  롱 원피스,로던원피스,코튼(면) 70%, 폴리에스터 30%,중국,낱장 가능,13,000,소라,Free
또또_여성  상의  셔츠  무지 셔츠_크렘남방,4,또또,청평화2F라37,029231132,4578210,여성  상의  셔츠  무지 셔츠,크렘남방,코튼(면) 80%, 폴리에스터 20%,중국,낱장 가능,10,000,화이트,Free
또또_여성  하의  바지  면바지_무지찰랑바지,1,또또,청평화2F라37,029231132,5866980,여성  하의  바지  면바지,무지찰랑바지,폴리에스터 70%, 레이온 30%,중국,낱장 가능,9,000,블랙_화이트_핑크_소라,Free
프렌치시크_여성  상의  블라우스  무지 블라우스_봄봄봄폴딩소매코쿤블라우스,2,프렌치시크,TheotB2E28,0221174508,5363997,여성  상의  블라우스  무지 블라우스,봄봄봄폴딩소매코쿤블라우스,코튼(면) 100%,한국,낱장 가능,17,000,크림아이_블랙,Free
에이롬_여성  아우터  패딩점퍼_항아리퀼팅패딩,3,에이롬,Nuzzon5F523,0263665523,2601438,여성  아우터  패딩점퍼,항아리퀼팅패딩,폴리에스터 100%,한국,낱장 가능,29,000,블랙_카키,Free
제이알_여성  상의  셔츠  패턴 셔츠블라우스_모나린넨셔츠셔츠,1,제이알,동평화1F신관135,0222368382,5742882,여성  상의  셔츠  패턴 셔츠블라우스,모나린넨셔츠셔츠,린넨(마) 100%,중국,낱장 가능,23,000,원컬러,FREE
메리골드_여성  하의  청바지_반청바지벨트세트,2,메리골드,청평화5F다20,0222315420,3689869,여성  하의  청바지,반청바지벨트세트,코튼(면) 100%,중국,낱장 불가 (2장 부터 주문 가능),15,000,청,Free
메리골드_여성  하의  바지  슬랙스_땡주름팬츠,3,메리골드,청평화5F다20,0222315420,5841465,여성  하의  바지  슬랙스,땡주름팬츠,폴리에스터 100%,중국,낱장 불가 (2장 부터 주문 가능),11,000,블랙_화이트,Free
제이알_여성  상의  티셔츠  나시민소매_코코끈나시,1,제이알,동평화1F신관135,0222368382,5931801,여성  상의  티셔츠  나시민소매,코코끈나시,아크릴 50%, 폴리에스터 50%,중국,낱장 가능,6,000,화이트_아이보리_소라_그레이_블랙_연브라운,FREE
아이디_여성  하의  바지  면바지_파이팬츠,2,아이디,Theot2FA15,0221174767,5377053,여성  하의  바지  면바지,파이팬츠,상세참조 100%,한국,낱장 불가 (2장 부터 주문 가능),8,000,그레이_블랙,FREE
조원_여성  상의  티셔츠  라운드 티셔츠_G124580폭주브라캡앞주,1,조원,기타,,5917216,여성  상의  티셔츠  라운드 티셔츠,G124580폭주브라캡앞주,폴리혼방 100%,중국,낱장 가능,4,500,블랙_그레이_화이트,FREE
화이트베네핏_여성  원피스세트  원피스  롱 원피스_세일후드니트롱원피스,2,화이트베네핏,기타,,5628167,여성  원피스세트  원피스  롱 원피스,세일후드니트롱원피스,나일론 100%,중국,낱장 가능,19,000,아이_검정_노랑_베이지,Free
제이알_여성  하의  바지  면바지_루아9부린넨통바지팬츠,1,제이알,동평화1F신관135,0222368382,5931808,여성  하의  바지  면바지,루아9부린넨통바지팬츠,린넨(마) 100%,중국,낱장 가능,19,000,오트밀_코코아베이지_브라운_블랙,Free
션_여성  원피스세트  원피스  미디 원피스_보니원피스,2,션,QueensSquare3F109,0269707230,5910531,여성  원피스세트  원피스  미디 원피스,보니원피스,폴리에스터 100%,한국,낱장 가능,36,000,그린_아이보리,Free
스칼렛_여성  원피스세트  원피스  롱 원피스_프릴도트원피스,1,스칼렛,NuzzonB1108,027544508,5883477,여성  원피스세트  원피스  롱 원피스,프릴도트원피스,기타 100%,중국,낱장 가능,16,000,화이트_소라,Free
플로우_여성  상의  티셔츠  라운드 티셔츠_링썸머로스스트릿반팔공용,2,플로우,남평화2F155,,5931533,여성  상의  티셔츠  라운드 티셔츠,링썸머로스스트릿반팔공용,코튼(면) 100%,한국,낱장 불가 (2장 부터 주문 가능),7,000,화이트_블랙_블루,Free
요마인_여성  아우터  카디건_땡차이나가디건,1,요마인,제일평화1F182,,5304995,여성  아우터  카디건,땡차이나가디건,레이온 50%, 울(모) 50%,한국,낱장 가능,27,000,베이지_차콜_그린_네이비,Free
요마인_여성  아우터  재킷_봄봄봄구호린넨지퍼자켓,2,요마인,제일평화1F182,,5651684,여성  아우터  재킷,봄봄봄구호린넨지퍼자켓,린넨(마) 100%,한국,낱장 가능,89,000,군청_브릭_크림,Free
러블리_여성  원피스세트  원피스  롱 원피스_마린원피스신상원피스,1,러블리,NuzzonB1715,0222369546,5901468,여성  원피스세트  원피스  롱 원피스,마린원피스신상원피스,코튼(면) 50%, 폴리에스터 50%,중국,낱장 가능,16,000,블랙_베이지,Free
제이알_여성  상의  셔츠  롱 셔츠_모아린넨롱셔츠셔츠,2,제이알,동평화1F신관135,0222368382,5931829,여성  상의  셔츠  롱 셔츠,모아린넨롱셔츠셔츠,린넨(마) 100%,중국,낱장 가능,29,000,핑크베이지_블랙,FREE
B747비칠사칠_여성  상의  티셔츠  라운드 티셔츠_기획감성유넥,1,B747비칠사칠,Nuzzon6F524,0263666747,2018246,여성  상의  티셔츠  라운드 티셔츠,기획감성유넥,스판 5%, 폴리에스터 60%, 레이온 35%,한국,낱장 가능,6,500,카키_네이비_블랙_화이트,Free
너도나도_여성  상의  티셔츠  라운드 티셔츠_세일린넨보트넥티,2,너도나도,제일평화2F15,,4328331,여성  상의  티셔츠  라운드 티셔츠,세일린넨보트넥티,레이온 45%, 린넨(마) 55%,한국,낱장 가능,12,000,아이보리_블랙_베이지,Free
SNJ_여성  원피스세트  원피스  롱 원피스_프렌즈ops신상주문폭주간절기원피,1,SNJ,청평화B1가12,0222348754,4739716,여성  원피스세트  원피스  롱 원피스,프렌즈ops신상주문폭주간절기원피,상세참조 100%,한국,낱장 불가 (2장 부터 주문 가능),29,000,네이비_베이지,FREE
18mm_여성  상의  티셔츠  후드맨투맨_쭈리합포5컬러곰돌이맨투맨,2,18mm,Belpost3F40,,4903463,여성  상의  티셔츠  후드맨투맨,쭈리합포5컬러곰돌이맨투맨,코튼(면) 50%, 폴리에스터 50%,한국,낱장 불가 (2장 부터 주문 가능),17,000,블랙_브라운_그레이_그린_크림,Free
트왈렛_여성  하의  바지  슬랙스_신치즈일자통바지,1,트왈렛,청평화2F가52,0222354801,5456649,여성  하의  바지  슬랙스,신치즈일자통바지,스판 10%, 폴리에스터 90%,한국,낱장 가능,17,000,아이보리_소라_핑크_블랙,XL_L_M_S
트왈렛_여성  하의  바지  면바지_마삼선밑단테잎부츠컷,2,트왈렛,청평화2F가52,0222354801,5712519,여성  하의  바지  면바지,마삼선밑단테잎부츠컷,스판 4%, 코튼(면) 60%, 레이온 36%,한국,낱장 가능,20,000,브라운_베이지_그린_네이비,XL_L_M_S
에이컨셉_여성  아우터  재킷_링썸머패드청자켓,1,에이컨셉,Theot4FI28,0221178814,5668063,여성  아우터  재킷,링썸머패드청자켓,코튼(면) 100%,기타,낱장 불가 (2장 부터 주문 가능),29,000,중청,Free
에이컨셉_여성  원피스세트  원피스  롱 원피스_CO벨트원피스,4,에이컨셉,Theot4FI28,0221178814,5924934,여성  원피스세트  원피스  롱 원피스,CO벨트원피스,코튼(면) 100%,한국,낱장 불가 (2장 부터 주문 가능),29,000,진베이지_연베이지,Free
